-------------------------------------------------------------------------------
Test set: TestSuite
-------------------------------------------------------------------------------
Tests run: 2, Failures: 1, Errors: 0, Skipped: 0, Time elapsed: 95.65 s <<< FAILURE! - in TestSuite
com.Flipkart.Electonics.Mobile.MobilePhonesIndex.flipkartTitleFail  Time elapsed: 3.014 s  <<< FAILURE!
junit.framework.AssertionFailedError
	at com.Flipkart.Electonics.Mobile.MobilePhonesIndex.flipkartTitleFail(MobilePhonesIndex.java:110)

