<?xml version="1.0" encoding="UTF-8"?>
<testsuite xmlns:xsi="http://www.w3.org/2001/XMLSchema-instance" xsi:noNamespaceSchemaLocation="https://maven.apache.org/surefire/maven-surefire-plugin/xsd/surefire-test-report-3.0.xsd" version="3.0" name="TestSuite" time="95.65" tests="2" errors="0" skipped="0" failures="1">
  <properties>
[...]
</properties>
  <testcase name="flipkartTitleFail" classname="com.Flipkart.Electonics.Mobile.MobilePhonesIndex" time="3.014">
    <failure type="junit.framework.AssertionFailedError"><![CDATA[junit.framework.AssertionFailedError
	at com.Flipkart.Electonics.Mobile.MobilePhonesIndex.flipkartTitleFail(MobilePhonesIndex.java:110)
]]></failure>
    <system-out><![CDATA[This is from common confing methodhttps://www.flipkart.com
This is from common confing methodchrome
This is from common confing methodD:\Automation\Flipkart\Resource\chromedriver.exe
This is from common confing methodhttps://www.flipkart.com
This is from common confing methodchrome
This is from common confing methodD:\Automation\Flipkart\Resource\chromedriver.exe
This Statement is from Abstract Class
This Statement is from Abstract Class
This Statement is from MobilePhonesVerification..................................................................
This Statement is from MobilePhonesIndex..................................................................
This Statement is from MobilePhonesIndexpage..................................................................
This Statement is from Abstract Class
This Statement is from Abstract Class
This Statement is from Abstract Class
Slider is moviung
This Statement is from Abstract Class
This Statement is from Abstract Class
This Statement is from Abstract Class
This Statement is from Abstract Class
This Statement is from MobilePhonesVerification fail statement..................................................................
]]></system-out>
    <system-err><![CDATA[Starting ChromeDriver 80.0.3987.106 (f68069574609230cf9b635cd784cfb1bf81bb53a-refs/branch-heads/3987@{#882}) on port 48785
Only local connections are allowed.
Please protect ports used by ChromeDriver and related test frameworks to prevent access by malicious code.
Starting ChromeDriver 80.0.3987.106 (f68069574609230cf9b635cd784cfb1bf81bb53a-refs/branch-heads/3987@{#882}) on port 25287
Only local connections are allowed.
Please protect ports used by ChromeDriver and related test frameworks to prevent access by malicious code.
[1588746540.109][WARNING]: This version of ChromeDriver has not been tested with Chrome version 81.
[1588746540.109][WARNING]: This version of ChromeDriver has not been tested with Chrome version 81.
[[1155888877446543.473][WARNING]: Timed out connecting to Chrome, retrying...
6543.473][WARNING]: Timed out connecting to Chrome, retrying...
May 06, 2020 11:59:05 AM org.openqa.selenium.remote.ProtocolHandshake createSession
INFO: Detected dialect: W3C
May 06, 2020 11:59:05 AM org.openqa.selenium.remote.ProtocolHandshake createSession
INFO: Detected dialect: W3C
[1588746547.900][SEVERE]: Timed out receiving message from renderer: 0.100
[1588746548.025][SEVERE]: Timed out receiving message from renderer: 0.100
[1588746548.659][SEVERE]: Timed out receiving message from renderer: 0.100
[1588746548.771][SEVERE]: Timed out receiving message from renderer: 0.100
[1588746552.988][SEVERE]: Timed out receiving message from renderer: 0.100
[1588746553.001][SEVERE]: Timed out receiving message from renderer: 0.100
[1588746561.102][SEVERE]: Timed out receiving message from renderer: 0.100
[1588746562.139][SEVERE]: Timed out receiving message from renderer: 0.100
[1588746562.346][SEVERE]: Timed out receiving message from renderer: 0.100
[1588746563.619][SEVERE]: Timed out receiving message from renderer: 0.100
[1588746563.836][SEVERE]: Timed out receiving message from renderer: 0.100
[1588746563.951][SEVERE]: Timed out receiving message from renderer: 0.100
[1588746564.878][SEVERE]: Timed out receiving message from renderer: 0.100
[1588746565.060][SEVERE]: Timed out receiving message from renderer: 0.100
[1588746565.163][SEVERE]: Timed out receiving message from renderer: 0.100
[1588746565.290][SEVERE]: Timed out receiving message from renderer: 0.100
[1588746565.404][SEVERE]: Timed out receiving message from renderer: 0.100
[1588746565.532][SEVERE]: Timed out receiving message from renderer: 0.100
[1588746565.639][SEVERE]: Timed out receiving message from renderer: 0.100
[1588746565.745][SEVERE]: Timed out receiving message from renderer: 0.100
[1588746565.853][SEVERE]: Timed out receiving message from renderer: 0.100
[1588746565.963][SEVERE]: Timed out receiving message from renderer: 0.100
[1588746566.087][SEVERE]: Timed out receiving message from renderer: 0.100
[1588746566.254][SEVERE]: Timed out receiving message from renderer: 0.100
[1588746566.363][SEVERE]: Timed out receiving message from renderer: 0.100
[1588746566.495][SEVERE]: Timed out receiving message from renderer: 0.100
[1588746566.601][SEVERE]: Timed out receiving message from renderer: 0.100
[1588746593.360][SEVERE]: Timed out receiving message from renderer: 0.100
[1588746593.906][SEVERE]: Timed out receiving message from renderer: 0.100
[1588746594.140][SEVERE]: Timed out receiving message from renderer: 0.100
[1588746594.311][SEVERE]: Timed out receiving message from renderer: 0.100
[1588746594.423][SEVERE]: Timed out receiving message from renderer: 0.100
[1588746594.533][SEVERE]: Timed out receiving message from renderer: 0.100
[1588746594.638][SEVERE]: Timed out receiving message from renderer: 0.100
[1588746594.755][SEVERE]: Timed out receiving message from renderer: 0.100
[1588746594.862][SEVERE]: Timed out receiving message from renderer: 0.100
[1588746594.965][SEVERE]: Timed out receiving message from renderer: 0.100
[1588746595.068][SEVERE]: Timed out receiving message from renderer: 0.100
[1588746595.242][SEVERE]: Timed out receiving message from renderer: 0.100
[1588746595.382][SEVERE]: Timed out receiving message from renderer: 0.100
]]></system-err>
  </testcase>
  <testcase name="mobile" classname="com.Flipkart.Electonics.Mobile.MobilePhonesIndex" time="7.46"/>
</testsuite>