<?xml version="1.0" encoding="UTF-8"?>
<testng-results skipped="0" failed="1" total="1" passed="0">
  <reporter-output>
    <line>
      <![CDATA[<b><Font color='BLUE'>Step 1: Open thehttps://www.flipkart.com/<font><br><b>]]>
    </line>
    <line>
      <![CDATA[<u><Font color='Black'>Verify the 'X' button is available<font><br></u>]]>
    </line>
    <line>
      <![CDATA[<b><Font color='green'>Result is Pass:✕ button is shown<font><br><b>]]>
    </line>
    <line>
      <![CDATA[<b><Font color='BLUE'>Step 2: Click on 'X' button<font><br><b>]]>
    </line>
    <line>
      <![CDATA[<u><Font color='Black'>Verify the 'Electronics' button is available<font><br></u>]]>
    </line>
    <line>
      <![CDATA[<b><Font color='RED'>Result is Fail:Electronics button is not shown<font><br><b>]]>
    </line>
    <line>
      <![CDATA[<b><Font color='BLUE'>Step 3: Hower on 'Electronics' button<font><br><b>]]>
    </line>
    <line>
      <![CDATA[<b><Font color='BLUE'>Step 4: Click and select on mobile brands<font><br><b>]]>
    </line>
    <line>
      <![CDATA[<b><Font color='BLUE'>Step 5: Click and drag the price slider<font><br><b>]]>
    </line>
    <line>
      <![CDATA[<b><Font color='BLUE'>Step 6: Click on '4 GB' check box<font><br><b>]]>
    </line>
    <line>
      <![CDATA[<b><Font color='BLUE'>Step 7: Click on ''Product Item link<font><br><b>]]>
    </line>
    <line>
      <![CDATA[<b><Font color='BLUE'>Step 8: Click on ''Add to Cart' link<font><br><b>]]>
    </line>
    <line>
      <![CDATA[<a href="D:\Automation\Flipkart\FlipKartReport\AnotherScreenshot\mobile.png">D:\Automation\Flipkart\FlipKartReport\AnotherScreenshot\mobile.png</a>]]>
    </line>
  </reporter-output>
  <suite name="Parameter Test  Suit" duration-ms="42663" started-at="2020-05-04T11:29:24Z" finished-at="2020-05-04T11:30:07Z">
    <groups>
    </groups>
    <test name="Build Configuration" duration-ms="42663" started-at="2020-05-04T11:29:24Z" finished-at="2020-05-04T11:30:07Z">
      <class name="com.Flipkart.Electonics.Mobile.MobilePhonesIndex">
        <test-method status="PASS" signature="BrowserSetup()[pri:0, instance:com.Flipkart.Electonics.Mobile.MobilePhonesIndex@36f6e879]" name="BrowserSetup" is-config="true" duration-ms="13279" started-at="2020-05-04T16:59:24Z" finished-at="2020-05-04T16:59:37Z">
          <reporter-output>
          </reporter-output>
        </test-method> <!-- BrowserSetup -->
        <test-method status="FAIL" signature="mobile()[pri:0, instance:com.Flipkart.Electonics.Mobile.MobilePhonesIndex@36f6e879]" name="mobile" duration-ms="19947" started-at="2020-05-04T16:59:37Z" finished-at="2020-05-04T16:59:57Z">
          <exception class="junit.framework.AssertionFailedError">
            <full-stacktrace>
              <![CDATA[junit.framework.AssertionFailedError
	at junit.framework.Assert.fail(Assert.java:48)
	at junit.framework.Assert.assertTrue(Assert.java:20)
	at junit.framework.Assert.assertTrue(Assert.java:27)
	at com.Flipkart.Electonics.Mobile.MobilePhonesIndex.mobile(MobilePhonesIndex.java:80)
	at sun.reflect.NativeMethodAccessorImpl.invoke0(Native Method)
	at sun.reflect.NativeMethodAccessorImpl.invoke(NativeMethodAccessorImpl.java:62)
	at sun.reflect.DelegatingMethodAccessorImpl.invoke(DelegatingMethodAccessorImpl.java:43)
	at java.lang.reflect.Method.invoke(Method.java:497)
	at org.testng.internal.MethodInvocationHelper.invokeMethod(MethodInvocationHelper.java:80)
	at org.testng.internal.Invoker.invokeMethod(Invoker.java:714)
	at org.testng.internal.Invoker.invokeTestMethod(Invoker.java:901)
	at org.testng.internal.Invoker.invokeTestMethods(Invoker.java:1231)
	at org.testng.internal.TestMethodWorker.invokeTestMethods(TestMethodWorker.java:127)
	at org.testng.internal.TestMethodWorker.run(TestMethodWorker.java:111)
	at org.testng.TestRunner.privateRun(TestRunner.java:767)
	at org.testng.TestRunner.run(TestRunner.java:617)
	at org.testng.SuiteRunner.runTest(SuiteRunner.java:334)
	at org.testng.SuiteRunner.access$000(SuiteRunner.java:37)
	at org.testng.SuiteRunner$SuiteWorker.run(SuiteRunner.java:368)
	at org.testng.internal.thread.ThreadUtil$2.call(ThreadUtil.java:64)
	at java.util.concurrent.FutureTask.run(FutureTask.java:266)
	at java.util.concurrent.ThreadPoolExecutor.runWorker(ThreadPoolExecutor.java:1142)
	at java.util.concurrent.ThreadPoolExecutor$Worker.run(ThreadPoolExecutor.java:617)
	at java.lang.Thread.run(Thread.java:745)
]]>
            </full-stacktrace>
          </exception> <!-- junit.framework.AssertionFailedError -->
          <reporter-output>
            <line>
              <![CDATA[<b><Font color='BLUE'>Step 1: Open thehttps://www.flipkart.com/<font><br><b>]]>
            </line>
            <line>
              <![CDATA[<u><Font color='Black'>Verify the 'X' button is available<font><br></u>]]>
            </line>
            <line>
              <![CDATA[<b><Font color='green'>Result is Pass:✕ button is shown<font><br><b>]]>
            </line>
            <line>
              <![CDATA[<b><Font color='BLUE'>Step 2: Click on 'X' button<font><br><b>]]>
            </line>
            <line>
              <![CDATA[<u><Font color='Black'>Verify the 'Electronics' button is available<font><br></u>]]>
            </line>
            <line>
              <![CDATA[<b><Font color='RED'>Result is Fail:Electronics button is not shown<font><br><b>]]>
            </line>
            <line>
              <![CDATA[<b><Font color='BLUE'>Step 3: Hower on 'Electronics' button<font><br><b>]]>
            </line>
            <line>
              <![CDATA[<b><Font color='BLUE'>Step 4: Click and select on mobile brands<font><br><b>]]>
            </line>
            <line>
              <![CDATA[<b><Font color='BLUE'>Step 5: Click and drag the price slider<font><br><b>]]>
            </line>
            <line>
              <![CDATA[<b><Font color='BLUE'>Step 6: Click on '4 GB' check box<font><br><b>]]>
            </line>
            <line>
              <![CDATA[<b><Font color='BLUE'>Step 7: Click on ''Product Item link<font><br><b>]]>
            </line>
            <line>
              <![CDATA[<b><Font color='BLUE'>Step 8: Click on ''Add to Cart' link<font><br><b>]]>
            </line>
            <line>
              <![CDATA[<a href="D:\Automation\Flipkart\FlipKartReport\AnotherScreenshot\mobile.png">D:\Automation\Flipkart\FlipKartReport\AnotherScreenshot\mobile.png</a>]]>
            </line>
          </reporter-output>
        </test-method> <!-- mobile -->
        <test-method status="PASS" signature="postConfig(org.testng.ITestResult)[pri:0, instance:com.Flipkart.Electonics.Mobile.MobilePhonesIndex@36f6e879]" name="postConfig" is-config="true" duration-ms="9351" started-at="2020-05-04T16:59:57Z" finished-at="2020-05-04T17:00:07Z">
          <params>
            <param index="0">
              <value>
                <![CDATA[[TestResult name=mobile status=FAILURE method=MobilePhonesIndex.mobile()[pri:0, instance:com.Flipkart.Electonics.Mobile.MobilePhonesIndex@36f6e879] output=<b><Font color='BLUE'>Step 1: Open thehttps://www.flipkart.com/<font><br><b>]]]>
              </value>
            </param>
          </params>
          <reporter-output>
          </reporter-output>
        </test-method> <!-- postConfig -->
      </class> <!-- com.Flipkart.Electonics.Mobile.MobilePhonesIndex -->
    </test> <!-- Build Configuration -->
  </suite> <!-- Parameter Test  Suit -->
</testng-results>
