<?xml version="1.0" encoding="UTF-8"?>
<testng-results skipped="0" failed="1" ignored="0" total="2" passed="1">
  <reporter-output>
    <line>
      <![CDATA[<b><Font color='BLUE'>Step 1: Open thehttps://www.flipkart.com<font><br><b>]]>
    </line>
    <line>
      <![CDATA[<u><Font color='Black'>Verify the 'title' is Correct<font><br></u>]]>
    </line>
    <line>
      <![CDATA[<b><Font color='RED'>Result is Fail: is not available<font><br><b>]]>
    </line>
    <line>
      <![CDATA[<a href="D:\Automation\Flipkart\FlipKartReport\AnotherScreenshot\flipkartTitleFail.png">D:\Automation\Flipkart\FlipKartReport\AnotherScreenshot\flipkartTitleFail.png</a>]]>
    </line>
    <line>
      <![CDATA[<b><Font color='BLUE'>Step 1: Open thehttps://www.flipkart.com<font><br><b>]]>
    </line>
    <line>
      <![CDATA[<u><Font color='Black'>Verify the 'X' button is available<font><br></u>]]>
    </line>
    <line>
      <![CDATA[<b><Font color='green'>Result is Pass:✕ button is shown<font><br><b>]]>
    </line>
    <line>
      <![CDATA[<b><Font color='BLUE'>Step 2: Click on 'X' button<font><br><b>]]>
    </line>
    <line>
      <![CDATA[<u><Font color='Black'>Verify the 'Electronics' button is available<font><br></u>]]>
    </line>
    <line>
      <![CDATA[<b><Font color='green'>Result is Pass:Electronics button is shown<font><br><b>]]>
    </line>
    <line>
      <![CDATA[<b><Font color='BLUE'>Step 3: Hower on 'Electronics' button<font><br><b>]]>
    </line>
    <line>
      <![CDATA[<b><Font color='BLUE'>Step 4: Click and select on mobile brands<font><br><b>]]>
    </line>
    <line>
      <![CDATA[<b><Font color='BLUE'>Step 5: Click and drag the price slider<font><br><b>]]>
    </line>
    <line>
      <![CDATA[<b><Font color='BLUE'>Step 6: Click on '4 GB' check box<font><br><b>]]>
    </line>
    <line>
      <![CDATA[<b><Font color='BLUE'>Step 7: Click on ''Product Item link<font><br><b>]]>
    </line>
    <line>
      <![CDATA[<b><Font color='BLUE'>Step 8: Click on ''Add to Cart' link<font><br><b>]]>
    </line>
  </reporter-output>
  <suite name="Default suite" duration-ms="32830" started-at="2020-05-06T05:37:48Z" finished-at="2020-05-06T05:38:21Z">
    <groups>
    </groups>
    <test name="Default test" duration-ms="32830" started-at="2020-05-06T05:37:48Z" finished-at="2020-05-06T05:38:21Z">
      <class name="com.Flipkart.Electonics.Mobile.MobilePhonesIndex">
        <test-method status="PASS" signature="BrowserSetup()[pri:0, instance:com.Flipkart.Electonics.Mobile.MobilePhonesIndex@47c62251]" name="BrowserSetup" is-config="true" duration-ms="9998" started-at="2020-05-06T05:37:48Z" finished-at="2020-05-06T05:37:58Z">
          <reporter-output>
          </reporter-output>
        </test-method> <!-- BrowserSetup -->
        <test-method status="FAIL" signature="flipkartTitleFail()[pri:0, instance:com.Flipkart.Electonics.Mobile.MobilePhonesIndex@47c62251]" name="flipkartTitleFail" duration-ms="2139" started-at="2020-05-06T05:37:58Z" finished-at="2020-05-06T05:38:00Z">
          <exception class="junit.framework.AssertionFailedError">
            <full-stacktrace>
              <![CDATA[junit.framework.AssertionFailedError
at junit.framework.Assert.fail(Assert.java:48)
at junit.framework.Assert.assertTrue(Assert.java:20)
at junit.framework.Assert.assertTrue(Assert.java:27)
at com.Flipkart.Electonics.Mobile.MobilePhonesIndex.flipkartTitleFail(MobilePhonesIndex.java:110)
at sun.reflect.NativeMethodAccessorImpl.invoke0(Native Method)
at sun.reflect.NativeMethodAccessorImpl.invoke(NativeMethodAccessorImpl.java:62)
at sun.reflect.DelegatingMethodAccessorImpl.invoke(DelegatingMethodAccessorImpl.java:43)
at java.lang.reflect.Method.invoke(Method.java:497)
at org.testng.internal.MethodInvocationHelper.invokeMethod(MethodInvocationHelper.java:124)
at org.testng.internal.Invoker.invokeMethod(Invoker.java:583)
at org.testng.internal.Invoker.invokeTestMethod(Invoker.java:719)
at org.testng.internal.Invoker.invokeTestMethods(Invoker.java:989)
at org.testng.internal.TestMethodWorker.invokeTestMethods(TestMethodWorker.java:125)
at org.testng.internal.TestMethodWorker.run(TestMethodWorker.java:109)
at org.testng.TestRunner.privateRun(TestRunner.java:648)
at org.testng.TestRunner.run(TestRunner.java:505)
at org.testng.SuiteRunner.runTest(SuiteRunner.java:455)
at org.testng.SuiteRunner.runSequentially(SuiteRunner.java:450)
at org.testng.SuiteRunner.privateRun(SuiteRunner.java:415)
at org.testng.SuiteRunner.run(SuiteRunner.java:364)
at org.testng.SuiteRunnerWorker.runSuite(SuiteRunnerWorker.java:52)
at org.testng.SuiteRunnerWorker.run(SuiteRunnerWorker.java:84)
at org.testng.TestNG.runSuitesSequentially(TestNG.java:1208)
at org.testng.TestNG.runSuitesLocally(TestNG.java:1137)
at org.testng.TestNG.runSuites(TestNG.java:1049)
at org.testng.TestNG.run(TestNG.java:1017)
at org.testng.remote.AbstractRemoteTestNG.run(AbstractRemoteTestNG.java:115)
at org.testng.remote.RemoteTestNG.initAndRun(RemoteTestNG.java:251)
at org.testng.remote.RemoteTestNG.main(RemoteTestNG.java:77)
]]>
            </full-stacktrace>
          </exception> <!-- junit.framework.AssertionFailedError -->
          <reporter-output>
            <line>
              <![CDATA[<b><Font color='BLUE'>Step 1: Open thehttps://www.flipkart.com<font><br><b>]]>
            </line>
            <line>
              <![CDATA[<u><Font color='Black'>Verify the 'title' is Correct<font><br></u>]]>
            </line>
            <line>
              <![CDATA[<b><Font color='RED'>Result is Fail: is not available<font><br><b>]]>
            </line>
            <line>
              <![CDATA[<a href="D:\Automation\Flipkart\FlipKartReport\AnotherScreenshot\flipkartTitleFail.png">D:\Automation\Flipkart\FlipKartReport\AnotherScreenshot\flipkartTitleFail.png</a>]]>
            </line>
          </reporter-output>
        </test-method> <!-- flipkartTitleFail -->
        <test-method status="PASS" signature="postConfig(org.testng.ITestResult)[pri:0, instance:com.Flipkart.Electonics.Mobile.MobilePhonesIndex@47c62251]" name="postConfig" is-config="true" duration-ms="516" started-at="2020-05-06T05:38:00Z" finished-at="2020-05-06T05:38:01Z">
          <params>
            <param index="0">
              <value>
                <![CDATA[[TestResult name=flipkartTitleFail status=FAILURE method=MobilePhonesIndex.flipkartTitleFail()[pri:0, instance:com.Flipkart.Electonics.Mobile.MobilePhonesIndex@47c62251] output=<b><Font color='BLUE'>Step 1: Open thehttps://www.flipkart.com<font><br><b>]]]>
              </value>
            </param>
          </params>
          <reporter-output>
          </reporter-output>
        </test-method> <!-- postConfig -->
        <test-method status="PASS" signature="mobile()[pri:0, instance:com.Flipkart.Electonics.Mobile.MobilePhonesIndex@47c62251]" name="mobile" duration-ms="20134" started-at="2020-05-06T05:38:01Z" finished-at="2020-05-06T05:38:21Z">
          <reporter-output>
            <line>
              <![CDATA[<b><Font color='BLUE'>Step 1: Open thehttps://www.flipkart.com<font><br><b>]]>
            </line>
            <line>
              <![CDATA[<u><Font color='Black'>Verify the 'X' button is available<font><br></u>]]>
            </line>
            <line>
              <![CDATA[<b><Font color='green'>Result is Pass:✕ button is shown<font><br><b>]]>
            </line>
            <line>
              <![CDATA[<b><Font color='BLUE'>Step 2: Click on 'X' button<font><br><b>]]>
            </line>
            <line>
              <![CDATA[<u><Font color='Black'>Verify the 'Electronics' button is available<font><br></u>]]>
            </line>
            <line>
              <![CDATA[<b><Font color='green'>Result is Pass:Electronics button is shown<font><br><b>]]>
            </line>
            <line>
              <![CDATA[<b><Font color='BLUE'>Step 3: Hower on 'Electronics' button<font><br><b>]]>
            </line>
            <line>
              <![CDATA[<b><Font color='BLUE'>Step 4: Click and select on mobile brands<font><br><b>]]>
            </line>
            <line>
              <![CDATA[<b><Font color='BLUE'>Step 5: Click and drag the price slider<font><br><b>]]>
            </line>
            <line>
              <![CDATA[<b><Font color='BLUE'>Step 6: Click on '4 GB' check box<font><br><b>]]>
            </line>
            <line>
              <![CDATA[<b><Font color='BLUE'>Step 7: Click on ''Product Item link<font><br><b>]]>
            </line>
            <line>
              <![CDATA[<b><Font color='BLUE'>Step 8: Click on ''Add to Cart' link<font><br><b>]]>
            </line>
          </reporter-output>
        </test-method> <!-- mobile -->
        <test-method status="PASS" signature="postConfig(org.testng.ITestResult)[pri:0, instance:com.Flipkart.Electonics.Mobile.MobilePhonesIndex@47c62251]" name="postConfig" is-config="true" duration-ms="1" started-at="2020-05-06T05:38:21Z" finished-at="2020-05-06T05:38:21Z">
          <params>
            <param index="0">
              <value>
                <![CDATA[[TestResult name=mobile status=SUCCESS method=MobilePhonesIndex.mobile()[pri:0, instance:com.Flipkart.Electonics.Mobile.MobilePhonesIndex@47c62251] output=<b><Font color='BLUE'>Step 1: Open thehttps://www.flipkart.com<font><br><b>]]]>
              </value>
            </param>
          </params>
          <reporter-output>
          </reporter-output>
        </test-method> <!-- postConfig -->
      </class> <!-- com.Flipkart.Electonics.Mobile.MobilePhonesIndex -->
    </test> <!-- Default test -->
  </suite> <!-- Default suite -->
</testng-results>
