<?xml version="1.0" encoding="UTF-8"?>
<!-- Generated by org.testng.reporters.JUnitXMLReporter -->
<testsuite hostname="Jaykishan-PC" name="Build Configuration" tests="1" failures="1" timestamp="4 May 2020 11:30:07 GMT" time="42.663" errors="0">
  <testcase name="mobile" time="19.947" classname="com.Flipkart.Electonics.Mobile.MobilePhonesIndex">
    <failure type="junit.framework.AssertionFailedError">
      <![CDATA[junit.framework.AssertionFailedError
	at junit.framework.Assert.fail(Assert.java:48)
	at junit.framework.Assert.assertTrue(Assert.java:20)
	at junit.framework.Assert.assertTrue(Assert.java:27)
	at com.Flipkart.Electonics.Mobile.MobilePhonesIndex.mobile(MobilePhonesIndex.java:80)
	at java.util.concurrent.FutureTask.run(FutureTask.java:266)
	at java.util.concurrent.ThreadPoolExecutor.runWorker(ThreadPoolExecutor.java:1142)
	at java.util.concurrent.ThreadPoolExecutor$Worker.run(ThreadPoolExecutor.java:617)
	at java.lang.Thread.run(Thread.java:745)
... Removed 16 stack frames]]>
    </failure>
  </testcase> <!-- mobile -->
</testsuite> <!-- Build Configuration -->
